INFO - 2024-12-05 04:47:17 --> Session: Class initialized using 'CodeIgniter\Session\Handlers\FileHandler' driver.
CRITICAL - 2024-12-05 04:47:19 --> ErrorException: Undefined property: stdClass::$message
[Method: GET, Route: penjualan/tambah_penjualan]
in APPPATH/Controllers/Penjualan.php on line 24.
 1 APPPATH/Controllers/Penjualan.php(24): CodeIgniter\Debug\Exceptions->errorHandler(2, 'Undefined property: stdClass::$message', '/home/trxspider/selling/gucitoak.softwarebali.com/app/Controllers/Penjualan.php', 24)
 2 SYSTEMPATH/CodeIgniter.php(933): App\Controllers\Penjualan->tambah_penjualan()
 3 SYSTEMPATH/CodeIgniter.php(509): CodeIgniter\CodeIgniter->runController(Object(App\Controllers\Penjualan))
 4 SYSTEMPATH/CodeIgniter.php(355): CodeIgniter\CodeIgniter->handleRequest(null, Object(Config\Cache), false)
 5 SYSTEMPATH/Boot.php(312): CodeIgniter\CodeIgniter->run()
 6 SYSTEMPATH/Boot.php(67): CodeIgniter\Boot::runCodeIgniter(Object(CodeIgniter\CodeIgniter))
 7 FCPATH/index.php(56): CodeIgniter\Boot::bootWeb(Object(Config\Paths))
INFO - 2024-12-05 16:39:16 --> Session: Class initialized using 'CodeIgniter\Session\Handlers\FileHandler' driver.
INFO - 2024-12-05 16:39:25 --> Session: Class initialized using 'CodeIgniter\Session\Handlers\FileHandler' driver.
INFO - 2024-12-05 16:39:26 --> Session: Class initialized using 'CodeIgniter\Session\Handlers\FileHandler' driver.
INFO - 2024-12-05 16:39:50 --> Session: Class initialized using 'CodeIgniter\Session\Handlers\FileHandler' driver.
INFO - 2024-12-05 16:39:58 --> Session: Class initialized using 'CodeIgniter\Session\Handlers\FileHandler' driver.
CRITICAL - 2024-12-05 16:39:58 --> ErrorException: foreach() argument must be of type array|object, string given
[Method: GET, Route: penjualan/tambah_penjualan]
in APPPATH/Views/admin/penjualan/tambah.php on line 51.
 1 APPPATH/Views/admin/penjualan/tambah.php(51): CodeIgniter\Debug\Exceptions->errorHandler(2, 'foreach() argument must be of type array|object, string given', '/home/trxspider/selling/gucitoak.softwarebali.com/app/Views/admin/penjualan/tambah.php', 51)
 2 SYSTEMPATH/View/View.php(234): include('/home/trxspider/selling/gucitoak.softwarebali.com/app/Views/admin/penjualan/tambah.php')
 3 SYSTEMPATH/View/View.php(237): CodeIgniter\View\View->CodeIgniter\View\{closure}()
 4 SYSTEMPATH/Common.php(1171): CodeIgniter\View\View->render('admin/penjualan/tambah', [], true)
 5 APPPATH/Views/admin/layout/wrapper.php(5): view('admin/penjualan/tambah')
 6 SYSTEMPATH/View/View.php(234): include('/home/trxspider/selling/gucitoak.softwarebali.com/app/Views/admin/layout/wrapper.php')
 7 SYSTEMPATH/View/View.php(237): CodeIgniter\View\View->CodeIgniter\View\{closure}()
 8 SYSTEMPATH/Common.php(1171): CodeIgniter\View\View->render('admin/layout/wrapper', [], true)
 9 APPPATH/Controllers/Penjualan.php(39): view('admin/layout/wrapper', [...])
10 SYSTEMPATH/CodeIgniter.php(933): App\Controllers\Penjualan->tambah_penjualan()
11 SYSTEMPATH/CodeIgniter.php(509): CodeIgniter\CodeIgniter->runController(Object(App\Controllers\Penjualan))
12 SYSTEMPATH/CodeIgniter.php(355): CodeIgniter\CodeIgniter->handleRequest(null, Object(Config\Cache), false)
13 SYSTEMPATH/Boot.php(312): CodeIgniter\CodeIgniter->run()
14 SYSTEMPATH/Boot.php(67): CodeIgniter\Boot::runCodeIgniter(Object(CodeIgniter\CodeIgniter))
15 FCPATH/index.php(56): CodeIgniter\Boot::bootWeb(Object(Config\Paths))
INFO - 2024-12-05 16:41:12 --> Session: Class initialized using 'CodeIgniter\Session\Handlers\FileHandler' driver.
CRITICAL - 2024-12-05 16:41:13 --> ErrorException: foreach() argument must be of type array|object, string given
[Method: GET, Route: penjualan/tambah_penjualan]
in APPPATH/Views/admin/penjualan/tambah.php on line 51.
 1 APPPATH/Views/admin/penjualan/tambah.php(51): CodeIgniter\Debug\Exceptions->errorHandler(2, 'foreach() argument must be of type array|object, string given', '/home/trxspider/selling/gucitoak.softwarebali.com/app/Views/admin/penjualan/tambah.php', 51)
 2 SYSTEMPATH/View/View.php(234): include('/home/trxspider/selling/gucitoak.softwarebali.com/app/Views/admin/penjualan/tambah.php')
 3 SYSTEMPATH/View/View.php(237): CodeIgniter\View\View->CodeIgniter\View\{closure}()
 4 SYSTEMPATH/Common.php(1171): CodeIgniter\View\View->render('admin/penjualan/tambah', [], true)
 5 APPPATH/Views/admin/layout/wrapper.php(5): view('admin/penjualan/tambah')
 6 SYSTEMPATH/View/View.php(234): include('/home/trxspider/selling/gucitoak.softwarebali.com/app/Views/admin/layout/wrapper.php')
 7 SYSTEMPATH/View/View.php(237): CodeIgniter\View\View->CodeIgniter\View\{closure}()
 8 SYSTEMPATH/Common.php(1171): CodeIgniter\View\View->render('admin/layout/wrapper', [], true)
 9 APPPATH/Controllers/Penjualan.php(39): view('admin/layout/wrapper', [...])
10 SYSTEMPATH/CodeIgniter.php(933): App\Controllers\Penjualan->tambah_penjualan()
11 SYSTEMPATH/CodeIgniter.php(509): CodeIgniter\CodeIgniter->runController(Object(App\Controllers\Penjualan))
12 SYSTEMPATH/CodeIgniter.php(355): CodeIgniter\CodeIgniter->handleRequest(null, Object(Config\Cache), false)
13 SYSTEMPATH/Boot.php(312): CodeIgniter\CodeIgniter->run()
14 SYSTEMPATH/Boot.php(67): CodeIgniter\Boot::runCodeIgniter(Object(CodeIgniter\CodeIgniter))
15 FCPATH/index.php(56): CodeIgniter\Boot::bootWeb(Object(Config\Paths))
INFO - 2024-12-05 16:42:26 --> Session: Class initialized using 'CodeIgniter\Session\Handlers\FileHandler' driver.
INFO - 2024-12-05 16:44:58 --> Session: Class initialized using 'CodeIgniter\Session\Handlers\FileHandler' driver.
INFO - 2024-12-05 16:45:12 --> Session: Class initialized using 'CodeIgniter\Session\Handlers\FileHandler' driver.
INFO - 2024-12-05 16:45:15 --> Session: Class initialized using 'CodeIgniter\Session\Handlers\FileHandler' driver.
INFO - 2024-12-05 16:45:51 --> Session: Class initialized using 'CodeIgniter\Session\Handlers\FileHandler' driver.
INFO - 2024-12-05 16:45:54 --> Session: Class initialized using 'CodeIgniter\Session\Handlers\FileHandler' driver.
INFO - 2024-12-05 16:46:42 --> Session: Class initialized using 'CodeIgniter\Session\Handlers\FileHandler' driver.
INFO - 2024-12-05 16:46:46 --> Session: Class initialized using 'CodeIgniter\Session\Handlers\FileHandler' driver.
INFO - 2024-12-05 16:53:01 --> Session: Class initialized using 'CodeIgniter\Session\Handlers\FileHandler' driver.
INFO - 2024-12-05 16:53:05 --> Session: Class initialized using 'CodeIgniter\Session\Handlers\FileHandler' driver.
INFO - 2024-12-05 16:55:40 --> Session: Class initialized using 'CodeIgniter\Session\Handlers\FileHandler' driver.
INFO - 2024-12-05 16:55:44 --> Session: Class initialized using 'CodeIgniter\Session\Handlers\FileHandler' driver.
